<?xml version="1.0" encoding="UTF-8"?>
<testng-results ignored="0" total="1" passed="1" failed="0" skipped="0">
  <reporter-output>
  </reporter-output>
  <suite started-at="2024-04-27T10:56:49 IST" name="Default suite" finished-at="2024-04-27T10:56:51 IST" duration-ms="1227">
    <groups>
    </groups>
    <test started-at="2024-04-27T10:56:49 IST" name="Default test" finished-at="2024-04-27T10:56:51 IST" duration-ms="1227">
      <class name="pom.AccountLoginTest">
        <test-method is-config="true" signature="initBrowser()[pri:0, instance:pom.AccountLoginTest@2fb3536e]" started-at="2024-04-27T10:56:44 IST" name="initBrowser" finished-at="2024-04-27T10:56:49 IST" duration-ms="5719" status="PASS">
          <reporter-output>
          </reporter-output>
        </test-method> <!-- initBrowser -->
        <test-method signature="tc_1234_LoginTest()[pri:0, instance:pom.AccountLoginTest@2fb3536e]" started-at="2024-04-27T10:56:49 IST" name="tc_1234_LoginTest" finished-at="2024-04-27T10:56:51 IST" duration-ms="1170" status="PASS">
          <reporter-output>
          </reporter-output>
        </test-method> <!-- tc_1234_LoginTest -->
        <test-method is-config="true" signature="tearDown()[pri:0, instance:pom.AccountLoginTest@2fb3536e]" started-at="2024-04-27T10:56:51 IST" name="tearDown" finished-at="2024-04-27T10:56:51 IST" duration-ms="247" status="PASS">
          <reporter-output>
          </reporter-output>
        </test-method> <!-- tearDown -->
      </class> <!-- pom.AccountLoginTest -->
    </test> <!-- Default test -->
  </suite> <!-- Default suite -->
</testng-results>
