<?xml version="1.0" encoding="UTF-8"?>
<!-- Generated by org.testng.reporters.JUnitXMLReporter -->
<testsuite ignored="0" hostname="DESKTOP-KJC6B92" failures="0" tests="10" name="parallel test" time="0.088" errors="0" timestamp="2024-04-20T11:05:44 IST">
  <testcase classname="pack1.ParallelExecution2" name="m1" time="0.01"/>
  <testcase classname="pack1.ParallelExecution" name="m1" time="0.01"/>
  <testcase classname="pack1.ParallelExecution2" name="m2" time="0.001"/>
  <testcase classname="pack1.ParallelExecution" name="m2" time="0.002"/>
  <testcase classname="pack1.ParallelExecution2" name="m3" time="0.002"/>
  <testcase classname="pack1.ParallelExecution2" name="m4" time="0.001"/>
  <testcase classname="pack1.ParallelExecution2" name="m5" time="0.001"/>
  <testcase classname="pack1.ParallelExecution" name="m3" time="0.004"/>
  <testcase classname="pack1.ParallelExecution" name="m4" time="0.001"/>
  <testcase classname="pack1.ParallelExecution" name="m5" time="0.0"/>
</testsuite> <!-- parallel test -->
