<?xml version="1.0" encoding="UTF-8"?>
<!-- Generated by org.testng.reporters.JUnitXMLReporter -->
<testsuite ignored="0" hostname="DESKTOP-KJC6B92" failures="0" tests="5" name="Test1" time="0.08" errors="0" timestamp="2024-04-21T09:59:33 IST">
  <testcase classname="pack1.ParallelExecution" name="m1" time="0.006"/>
  <testcase classname="pack1.ParallelExecution" name="m2" time="0.001"/>
  <testcase classname="pack1.ParallelExecution" name="m3" time="0.001"/>
  <testcase classname="pack1.ParallelExecution" name="m4" time="0.002"/>
  <testcase classname="pack1.ParallelExecution" name="m5" time="0.001"/>
</testsuite> <!-- Test1 -->
