<?xml version="1.0" encoding="UTF-8"?>
<!-- Generated by org.testng.reporters.JUnitXMLReporter -->
<testsuite ignored="0" hostname="DESKTOP-KJC6B92" failures="1" tests="2" name="Test" time="0.084" errors="0" timestamp="2024-04-21T11:14:30 IST">
  <testcase classname="pack1.ListenerTestClass" name="TestCase1" time="0.016">
    <failure type="java.lang.AssertionError" message="null">
      <![CDATA[java.lang.AssertionError: null
at pack1.ListenerTestClass.TestCase1(ListenerTestClass.java:16)
at java.base/java.util.ArrayList.forEach(ArrayList.java:1511)
... Removed 29 stack frames]]>
    </failure>
  </testcase> <!-- TestCase1 -->
  <testcase classname="pack1.ListenerTestClass" name="TestCase2" time="0.002"/>
</testsuite> <!-- Test -->
