<?xml version="1.0" encoding="UTF-8"?>
<testng-results ignored="0" total="2" passed="2" failed="0" skipped="0">
  <reporter-output>
  </reporter-output>
  <suite started-at="2024-05-19T12:58:29 IST" name="Suite" finished-at="2024-05-19T12:58:48 IST" duration-ms="19204">
    <groups>
    </groups>
    <test started-at="2024-05-19T12:58:29 IST" name="Test" finished-at="2024-05-19T12:58:48 IST" duration-ms="19204">
      <class name="ecomm_TestSuite.ProfileIconTestSuite">
        <test-method is-config="true" signature="initBrowser()[pri:0, instance:ecomm_TestSuite.ProfileIconTestSuite@ffaa6af]" started-at="2024-05-19T12:58:22 IST" name="initBrowser" finished-at="2024-05-19T12:58:29 IST" duration-ms="7421" status="PASS">
          <reporter-output>
          </reporter-output>
        </test-method> <!-- initBrowser -->
        <test-method is-config="true" signature="login()[pri:0, instance:ecomm_TestSuite.ProfileIconTestSuite@ffaa6af]" started-at="2024-05-19T12:58:29 IST" name="login" finished-at="2024-05-19T12:58:29 IST" duration-ms="0" status="PASS">
          <reporter-output>
          </reporter-output>
        </test-method> <!-- login -->
        <test-method signature="tc_4568_EditPasswordTest()[pri:1, instance:ecomm_TestSuite.ProfileIconTestSuite@ffaa6af]" started-at="2024-05-19T12:58:29 IST" name="tc_4568_EditPasswordTest" finished-at="2024-05-19T12:58:36 IST" duration-ms="6537" status="PASS">
          <reporter-output>
          </reporter-output>
        </test-method> <!-- tc_4568_EditPasswordTest -->
        <test-method is-config="true" signature="logout()[pri:0, instance:ecomm_TestSuite.ProfileIconTestSuite@ffaa6af]" started-at="2024-05-19T12:58:36 IST" name="logout" finished-at="2024-05-19T12:58:38 IST" duration-ms="2144" status="PASS">
          <reporter-output>
          </reporter-output>
        </test-method> <!-- logout -->
        <test-method is-config="true" signature="login()[pri:0, instance:ecomm_TestSuite.ProfileIconTestSuite@ffaa6af]" started-at="2024-05-19T12:58:38 IST" name="login" finished-at="2024-05-19T12:58:38 IST" duration-ms="0" status="PASS">
          <reporter-output>
          </reporter-output>
        </test-method> <!-- login -->
        <test-method signature="tc_4569_EditSupportClickTest()[pri:2, instance:ecomm_TestSuite.ProfileIconTestSuite@ffaa6af]" started-at="2024-05-19T12:58:38 IST" name="tc_4569_EditSupportClickTest" finished-at="2024-05-19T12:58:47 IST" duration-ms="8599" status="PASS">
          <reporter-output>
          </reporter-output>
        </test-method> <!-- tc_4569_EditSupportClickTest -->
        <test-method is-config="true" signature="logout()[pri:0, instance:ecomm_TestSuite.ProfileIconTestSuite@ffaa6af]" started-at="2024-05-19T12:58:47 IST" name="logout" finished-at="2024-05-19T12:58:48 IST" duration-ms="1870" status="PASS">
          <reporter-output>
          </reporter-output>
        </test-method> <!-- logout -->
        <test-method is-config="true" signature="tearDown()[pri:0, instance:ecomm_TestSuite.ProfileIconTestSuite@ffaa6af]" started-at="2024-05-19T12:58:49 IST" name="tearDown" finished-at="2024-05-19T12:58:50 IST" duration-ms="325" status="PASS">
          <reporter-output>
          </reporter-output>
        </test-method> <!-- tearDown -->
      </class> <!-- ecomm_TestSuite.ProfileIconTestSuite -->
    </test> <!-- Test -->
  </suite> <!-- Suite -->
</testng-results>
