<?xml version="1.0" encoding="UTF-8"?>
<testng-results ignored="0" total="2" passed="2" failed="0" skipped="0">
  <reporter-output>
  </reporter-output>
  <suite started-at="2024-05-18T12:46:21 IST" name="Suite" finished-at="2024-05-18T12:46:36 IST" duration-ms="14397">
    <groups>
    </groups>
    <test started-at="2024-05-18T12:46:21 IST" name="Test" finished-at="2024-05-18T12:46:36 IST" duration-ms="14397">
      <class name="ecomm_TestSuite.ProfileIconTestSuite">
        <test-method is-config="true" signature="initBrowser()[pri:0, instance:ecomm_TestSuite.ProfileIconTestSuite@ffaa6af]" started-at="2024-05-18T12:46:12 IST" name="initBrowser" finished-at="2024-05-18T12:46:21 IST" duration-ms="9471" status="PASS">
          <reporter-output>
          </reporter-output>
        </test-method> <!-- initBrowser -->
        <test-method is-config="true" signature="login()[pri:0, instance:ecomm_TestSuite.ProfileIconTestSuite@ffaa6af]" started-at="2024-05-18T12:46:21 IST" name="login" finished-at="2024-05-18T12:46:21 IST" duration-ms="0" status="PASS">
          <reporter-output>
          </reporter-output>
        </test-method> <!-- login -->
        <test-method signature="tc_4568_EditPasswordTest()[pri:1, instance:ecomm_TestSuite.ProfileIconTestSuite@ffaa6af]" started-at="2024-05-18T12:46:21 IST" name="tc_4568_EditPasswordTest" finished-at="2024-05-18T12:46:28 IST" duration-ms="7029" status="PASS">
          <reporter-output>
          </reporter-output>
        </test-method> <!-- tc_4568_EditPasswordTest -->
        <test-method is-config="true" signature="logout()[pri:0, instance:ecomm_TestSuite.ProfileIconTestSuite@ffaa6af]" started-at="2024-05-18T12:46:28 IST" name="logout" finished-at="2024-05-18T12:46:31 IST" duration-ms="2293" status="PASS">
          <reporter-output>
          </reporter-output>
        </test-method> <!-- logout -->
        <test-method is-config="true" signature="login()[pri:0, instance:ecomm_TestSuite.ProfileIconTestSuite@ffaa6af]" started-at="2024-05-18T12:46:31 IST" name="login" finished-at="2024-05-18T12:46:31 IST" duration-ms="1" status="PASS">
          <reporter-output>
          </reporter-output>
        </test-method> <!-- login -->
        <test-method signature="tc_4569_EditSupportClickTest()[pri:2, instance:ecomm_TestSuite.ProfileIconTestSuite@ffaa6af]" started-at="2024-05-18T12:46:31 IST" name="tc_4569_EditSupportClickTest" finished-at="2024-05-18T12:46:34 IST" duration-ms="3503" status="PASS">
          <reporter-output>
          </reporter-output>
        </test-method> <!-- tc_4569_EditSupportClickTest -->
        <test-method is-config="true" signature="logout()[pri:0, instance:ecomm_TestSuite.ProfileIconTestSuite@ffaa6af]" started-at="2024-05-18T12:46:34 IST" name="logout" finished-at="2024-05-18T12:46:36 IST" duration-ms="1528" status="PASS">
          <reporter-output>
          </reporter-output>
        </test-method> <!-- logout -->
        <test-method is-config="true" signature="tearDown()[pri:0, instance:ecomm_TestSuite.ProfileIconTestSuite@ffaa6af]" started-at="2024-05-18T12:46:36 IST" name="tearDown" finished-at="2024-05-18T12:46:36 IST" duration-ms="414" status="PASS">
          <reporter-output>
          </reporter-output>
        </test-method> <!-- tearDown -->
      </class> <!-- ecomm_TestSuite.ProfileIconTestSuite -->
    </test> <!-- Test -->
  </suite> <!-- Suite -->
</testng-results>
